<?xml version="1.0" encoding="UTF-8"?>
<testng-results skipped="0" failed="1" ignored="4" total="5" passed="0">
  <reporter-output>
  </reporter-output>
  <suite name="Suite" duration-ms="49803" started-at="2020-10-04T13:54:27Z" finished-at="2020-10-04T13:55:17Z">
    <groups>
    </groups>
    <test name="Test in Chrome" duration-ms="49803" started-at="2020-10-04T13:54:27Z" finished-at="2020-10-04T13:55:17Z">
      <class name="com.yourlogo.testcases.CartPageTest">
        <test-method status="PASS" signature="setup(java.lang.String)[pri:0, instance:com.yourlogo.testcases.CartPageTest@1bbe1b6]" name="setup" is-config="true" duration-ms="42099" started-at="2020-10-04T13:54:27Z" finished-at="2020-10-04T13:55:09Z">
          <params>
            <param index="0">
              <value>
                <![CDATA[chrome]]>
              </value>
            </param>
          </params>
          <reporter-output>
          </reporter-output>
        </test-method> <!-- setup -->
        <test-method status="PASS" signature="precondition()[pri:0, instance:com.yourlogo.testcases.CartPageTest@1bbe1b6]" name="precondition" is-config="true" duration-ms="5350" started-at="2020-10-04T13:55:09Z" finished-at="2020-10-04T13:55:14Z">
          <reporter-output>
          </reporter-output>
        </test-method> <!-- precondition -->
        <test-method status="FAIL" signature="VerifyTotalPriceTest()[pri:0, instance:com.yourlogo.testcases.CartPageTest@1bbe1b6]" name="VerifyTotalPriceTest" duration-ms="70" started-at="2020-10-04T13:55:14Z" finished-at="2020-10-04T13:55:15Z">
          <exception class="java.lang.NullPointerException">
            <message>
              <![CDATA[null value in entry: url=null]]>
            </message>
            <full-stacktrace>
              <![CDATA[java.lang.NullPointerException: null value in entry: url=null
at com.google.common.collect.CollectPreconditions.checkEntryNotNull(CollectPreconditions.java:32)
at com.google.common.collect.SingletonImmutableBiMap.<init>(SingletonImmutableBiMap.java:42)
at com.google.common.collect.ImmutableBiMap.of(ImmutableBiMap.java:72)
at com.google.common.collect.ImmutableMap.of(ImmutableMap.java:124)
at org.openqa.selenium.remote.RemoteWebDriver.get(RemoteWebDriver.java:277)
at com.yourlogo.pages.GetAPage.ProductPage(GetAPage.java:88)
at com.yourlogo.pages.SelectProduct.standardProduct(SelectProduct.java:26)
at com.yourlogo.testcases.CartPageTest.VerifyTotalPriceTest(CartPageTest.java:88)
at sun.reflect.NativeMethodAccessorImpl.invoke0(Native Method)
at sun.reflect.NativeMethodAccessorImpl.invoke(NativeMethodAccessorImpl.java:62)
at sun.reflect.DelegatingMethodAccessorImpl.invoke(DelegatingMethodAccessorImpl.java:43)
at java.lang.reflect.Method.invoke(Method.java:498)
at org.testng.internal.MethodInvocationHelper.invokeMethod(MethodInvocationHelper.java:124)
at org.testng.internal.Invoker.invokeMethod(Invoker.java:580)
at org.testng.internal.Invoker.invokeTestMethod(Invoker.java:716)
at org.testng.internal.Invoker.invokeTestMethods(Invoker.java:988)
at org.testng.internal.TestMethodWorker.invokeTestMethods(TestMethodWorker.java:125)
at org.testng.internal.TestMethodWorker.run(TestMethodWorker.java:109)
at org.testng.TestRunner.privateRun(TestRunner.java:648)
at org.testng.TestRunner.run(TestRunner.java:505)
at org.testng.SuiteRunner.runTest(SuiteRunner.java:455)
at org.testng.SuiteRunner.access$000(SuiteRunner.java:40)
at org.testng.SuiteRunner$SuiteWorker.run(SuiteRunner.java:489)
at org.testng.internal.thread.ThreadUtil$1.call(ThreadUtil.java:52)
at java.util.concurrent.FutureTask.run(FutureTask.java:266)
at java.util.concurrent.ThreadPoolExecutor.runWorker(ThreadPoolExecutor.java:1149)
at java.util.concurrent.ThreadPoolExecutor$Worker.run(ThreadPoolExecutor.java:624)
at java.lang.Thread.run(Thread.java:748)
]]>
            </full-stacktrace>
          </exception> <!-- java.lang.NullPointerException -->
          <reporter-output>
          </reporter-output>
        </test-method> <!-- VerifyTotalPriceTest -->
        <test-method status="PASS" signature="getResult(org.testng.ITestResult)[pri:0, instance:com.yourlogo.testcases.CartPageTest@1bbe1b6]" name="getResult" is-config="true" duration-ms="527" started-at="2020-10-04T13:55:15Z" finished-at="2020-10-04T13:55:15Z">
          <params>
            <param index="0">
              <value>
                <![CDATA[[TestResult name=VerifyTotalPriceTest status=FAILURE method=CartPageTest.VerifyTotalPriceTest()[pri:0, instance:com.yourlogo.testcases.CartPageTest@1bbe1b6] output={null}]]]>
              </value>
            </param>
          </params>
          <reporter-output>
          </reporter-output>
        </test-method> <!-- getResult -->
        <test-method status="PASS" signature="teardown()[pri:0, instance:com.yourlogo.testcases.CartPageTest@1bbe1b6]" name="teardown" is-config="true" duration-ms="1341" started-at="2020-10-04T13:55:15Z" finished-at="2020-10-04T13:55:17Z">
          <reporter-output>
          </reporter-output>
        </test-method> <!-- teardown -->
      </class> <!-- com.yourlogo.testcases.CartPageTest -->
    </test> <!-- Test in Chrome -->
  </suite> <!-- Suite -->
</testng-results>
