<?xml version="1.0" encoding="UTF-8"?>
<!-- Generated by org.testng.reporters.JUnitXMLReporter -->
<testsuite hostname="hp-PC" ignored="0" name="Test in Chrome" tests="2" failures="0" timestamp="28 Aug 2020 11:52:40 GMT" time="41.44" errors="0">
  <testcase name="VerifyAddtoCartTest" time="1.129" classname="com.yourlogo.testcases.ProductDescriptionPageTest"/>
  <testcase name="VerifyAddToWishlistTest" time="10.378" classname="com.yourlogo.testcases.ProductDescriptionPageTest"/>
</testsuite> <!-- Test in Chrome -->
