<?xml version="1.0" encoding="UTF-8"?>
<!-- Generated by org.testng.reporters.JUnitXMLReporter -->
<testsuite hostname="hp-PC" ignored="1" name="Test in Chrome" tests="1" failures="0" timestamp="18 Aug 2020 07:41:02 GMT" time="37.824" errors="0">
  <testcase name="VerifyAddtoCartTest" time="1.614" classname="com.yourlogo.testcases.ProductDescriptionPageTest"/>
  <testcase name="VerifyAddToWishlistTest" time="0.0" classname="com.yourlogo.testcases.ProductDescriptionPageTest">
    <ignored/>
  </testcase> <!-- VerifyAddToWishlistTest -->
</testsuite> <!-- Test in Chrome -->
