<?xml version="1.0" encoding="UTF-8"?>
<!-- Generated by org.testng.reporters.JUnitXMLReporter -->
<testsuite hostname="hp-PC" ignored="7" name="Test in Chrome" tests="1" failures="0" timestamp="13 Aug 2020 15:34:20 GMT" time="67.106" errors="0">
  <testcase name="LoadPage" time="3.438" classname="com.yourlogo.testcases.SearchPageTest"/>
  <testcase name="keywordFromSearchPageTest" time="0.0" classname="com.yourlogo.testcases.SearchPageTest">
    <ignored/>
  </testcase> <!-- keywordFromSearchPageTest -->
  <testcase name="MoreButtonTest" time="0.0" classname="com.yourlogo.testcases.SearchPageTest">
    <ignored/>
  </testcase> <!-- MoreButtonTest -->
  <testcase name="AddToWishlist" time="0.0" classname="com.yourlogo.testcases.SearchPageTest">
    <ignored/>
  </testcase> <!-- AddToWishlist -->
  <testcase name="ProductsPerPageTest" time="0.0" classname="com.yourlogo.testcases.SearchPageTest">
    <ignored/>
  </testcase> <!-- ProductsPerPageTest -->
  <testcase name="AddToCartTest" time="0.0" classname="com.yourlogo.testcases.SearchPageTest">
    <ignored/>
  </testcase> <!-- AddToCartTest -->
  <testcase name="SortByLowestPriceTest" time="0.0" classname="com.yourlogo.testcases.SearchPageTest">
    <ignored/>
  </testcase> <!-- SortByLowestPriceTest -->
  <testcase name="QuickViewLinkTest" time="0.0" classname="com.yourlogo.testcases.SearchPageTest">
    <ignored/>
  </testcase> <!-- QuickViewLinkTest -->
</testsuite> <!-- Test in Chrome -->
