<?xml version="1.0" encoding="UTF-8"?>
<!-- Generated by org.testng.reporters.JUnitXMLReporter -->
<testsuite hostname="hp-PC" ignored="0" name="Default test" tests="1" failures="1" timestamp="20 Aug 2020 12:58:52 GMT" time="1.132" errors="0">
  <testcase name="@BeforeClass setup" time="0.0" classname="selenium.framework.testbase.TestBase">
    <failure type="org.testng.TestNGException" message="
Parameter &amp;apos;browser&amp;apos; is required by BeforeClass on method setup but has not been marked @Optional or defined
in C:\Users\hp\AppData\Local\Temp\testng-eclipse-69847131\testng-customsuite.xml">
      <![CDATA[org.testng.TestNGException: 
Parameter 'browser' is required by BeforeClass on method setup but has not been marked @Optional or defined
in C:\Users\hp\AppData\Local\Temp\testng-eclipse-69847131\testng-customsuite.xml
at org.testng.internal.Parameters.createParams(Parameters.java:290)
at org.testng.internal.Parameters.createParametersForMethod(Parameters.java:359)
at org.testng.internal.Parameters.createParameters(Parameters.java:620)
at org.testng.internal.Parameters.createConfigurationParameters(Parameters.java:190)
at org.testng.internal.Invoker.invokeConfigurations(Invoker.java:209)
at org.testng.internal.Invoker.invokeConfigurations(Invoker.java:142)
at org.testng.internal.TestMethodWorker.invokeBeforeClassMethods(TestMethodWorker.java:168)
at org.testng.internal.TestMethodWorker.run(TestMethodWorker.java:105)
at org.testng.TestRunner.privateRun(TestRunner.java:648)
at org.testng.TestRunner.run(TestRunner.java:505)
at org.testng.SuiteRunner.runTest(SuiteRunner.java:455)
at org.testng.SuiteRunner.runSequentially(SuiteRunner.java:450)
at org.testng.SuiteRunner.privateRun(SuiteRunner.java:415)
at org.testng.SuiteRunner.run(SuiteRunner.java:364)
at org.testng.SuiteRunnerWorker.runSuite(SuiteRunnerWorker.java:52)
at org.testng.SuiteRunnerWorker.run(SuiteRunnerWorker.java:84)
at org.testng.TestNG.runSuitesSequentially(TestNG.java:1208)
at org.testng.TestNG.runSuitesLocally(TestNG.java:1137)
at org.testng.TestNG.runSuites(TestNG.java:1049)
at org.testng.TestNG.run(TestNG.java:1017)
at org.testng.remote.AbstractRemoteTestNG.run(AbstractRemoteTestNG.java:114)
at org.testng.remote.RemoteTestNG.initAndRun(RemoteTestNG.java:251)
at org.testng.remote.RemoteTestNG.main(RemoteTestNG.java:77)
]]>
    </failure>
  </testcase> <!-- @BeforeClass setup -->
  <testcase name="verifyReadDatafromExcel" time="1.105" classname="com.yourlogo.testcases.RegestrationPageTest">
    <failure type="org.testng.internal.reflect.MethodMatcherException" message="
Data provider mismatch
Method: verifyReadDatafromExcel([Parameter{index=0, type=java.lang.String, declaredAnnotations=[]}, Parameter{index=1, type=java.lang.String, declaredAnnotations=[]}, Parameter{index=2, type=java.lang.String, declaredAnnotations=[]}, Parameter{index=3, type=java.lang.String, declaredAnnotations=[]}, Parameter{index=4, type=java.lang.String, declaredAnnotations=[]}, Parameter{index=5, type=java.lang.String, declaredAnnotations=[]}, Parameter{index=6, type=java.lang.String, declaredAnnotations=[]}, Parameter{index=7, type=java.lang.String, declaredAnnotations=[]}, Parameter{index=8, type=java.lang.String, declaredAnnotations=[]}, Parameter{index=9, type=java.lang.String, declaredAnnotations=[]}])
Arguments: [(java.lang.String) Mr,(java.lang.String) John,(java.lang.String) Kennady,(java.lang.String) Test123,(java.lang.String) 12/1/00,(java.lang.String) test road, kanavn,(java.lang.String) Kanvan,(java.lang.String) Florida,(java.lang.String) 12345,(java.lang.String) United States,(java.lang.String) 9876543210]">
      <![CDATA[org.testng.internal.reflect.MethodMatcherException: 
Data provider mismatch
Method: verifyReadDatafromExcel([Parameter{index=0, type=java.lang.String, declaredAnnotations=[]}, Parameter{index=1, type=java.lang.String, declaredAnnotations=[]}, Parameter{index=2, type=java.lang.String, declaredAnnotations=[]}, Parameter{index=3, type=java.lang.String, declaredAnnotations=[]}, Parameter{index=4, type=java.lang.String, declaredAnnotations=[]}, Parameter{index=5, type=java.lang.String, declaredAnnotations=[]}, Parameter{index=6, type=java.lang.String, declaredAnnotations=[]}, Parameter{index=7, type=java.lang.String, declaredAnnotations=[]}, Parameter{index=8, type=java.lang.String, declaredAnnotations=[]}, Parameter{index=9, type=java.lang.String, declaredAnnotations=[]}])
Arguments: [(java.lang.String) Mr,(java.lang.String) John,(java.lang.String) Kennady,(java.lang.String) Test123,(java.lang.String) 12/1/00,(java.lang.String) test road, kanavn,(java.lang.String) Kanvan,(java.lang.String) Florida,(java.lang.String) 12345,(java.lang.String) United States,(java.lang.String) 9876543210]
at org.testng.internal.reflect.DataProviderMethodMatcher.getConformingArguments(DataProviderMethodMatcher.java:45)
at org.testng.internal.Parameters.injectParameters(Parameters.java:796)
at org.testng.internal.Invoker.invokeTestMethods(Invoker.java:982)
at org.testng.internal.TestMethodWorker.invokeTestMethods(TestMethodWorker.java:125)
at org.testng.internal.TestMethodWorker.run(TestMethodWorker.java:109)
at org.testng.TestRunner.privateRun(TestRunner.java:648)
at org.testng.TestRunner.run(TestRunner.java:505)
at org.testng.SuiteRunner.runTest(SuiteRunner.java:455)
at org.testng.SuiteRunner.runSequentially(SuiteRunner.java:450)
at org.testng.SuiteRunner.privateRun(SuiteRunner.java:415)
at org.testng.SuiteRunner.run(SuiteRunner.java:364)
at org.testng.SuiteRunnerWorker.runSuite(SuiteRunnerWorker.java:52)
at org.testng.SuiteRunnerWorker.run(SuiteRunnerWorker.java:84)
at org.testng.TestNG.runSuitesSequentially(TestNG.java:1208)
at org.testng.TestNG.runSuitesLocally(TestNG.java:1137)
at org.testng.TestNG.runSuites(TestNG.java:1049)
at org.testng.TestNG.run(TestNG.java:1017)
at org.testng.remote.AbstractRemoteTestNG.run(AbstractRemoteTestNG.java:114)
at org.testng.remote.RemoteTestNG.initAndRun(RemoteTestNG.java:251)
at org.testng.remote.RemoteTestNG.main(RemoteTestNG.java:77)
]]>
    </failure>
  </testcase> <!-- verifyReadDatafromExcel -->
</testsuite> <!-- Default test -->
